[+] /usr (external glibc-2.28-v7imuygrfeuhdllpp75qh2aos2ifus33)
[+] /global/scratch/users/siennaw/gsi_2024/compiling/spack/opt/spack/linux-rocky8-skylake_avx512/gcc-8.5.0/gcc-runtime-8.5.0-c5hfwurreco4ioilaawgx2nqxfvrp46a
[+] /global/scratch/users/siennaw/gsi_2024/compiling/spack/opt/spack/linux-rocky8-skylake_avx512/gcc-8.5.0/nghttp2-1.63.0-m2obhvkny6xclqpm2teotoonzj5jdnh7
[+] /global/scratch/users/siennaw/gsi_2024/compiling/spack/opt/spack/linux-rocky8-skylake_avx512/gcc-8.5.0/zlib-ng-2.2.1-pwjnmmmvg3qz6x5q7y3ypzpmpdgrnalw
[+] /global/scratch/users/siennaw/gsi_2024/compiling/spack/opt/spack/linux-rocky8-skylake_avx512/gcc-8.5.0/ncurses-6.5-j6icgvynrzpjm5ittb3z4vmwz7sek3du
[+] /global/scratch/users/siennaw/gsi_2024/compiling/spack/opt/spack/linux-rocky8-skylake_avx512/gcc-8.5.0/gmake-4.4.1-be474evtfsfe3h32is465ak5jripk2ur
[+] /global/scratch/users/siennaw/gsi_2024/compiling/spack/opt/spack/linux-rocky8-skylake_avx512/gcc-8.5.0/openssl-3.3.1-ylnnfugxmaa4lubsnb23cf5rfkpgu4gm
[+] /global/scratch/users/siennaw/gsi_2024/compiling/spack/opt/spack/linux-rocky8-skylake_avx512/gcc-8.5.0/curl-8.10.1-iokkolnbx6wwr455z3l2x5exd2di4vbi
==> Installing cmake-3.30.5-ledkoujpqytljlsjhagufjuxejnar5jx [9/10]
==> No binary for cmake-3.30.5-ledkoujpqytljlsjhagufjuxejnar5jx found: installing from source
==> Using cached archive: /global/scratch/users/siennaw/gsi_2024/compiling/spack/var/spack/cache/_source-cache/archive/9f/9f55e1a40508f2f29b7e065fa08c29f82c402fa0402da839fffe64a25755a86d.tar.gz
==> Applied patch /global/scratch/users/siennaw/gsi_2024/compiling/spack/var/spack/repos/builtin/packages/cmake/mr-9623.patch
==> cmake: Executing phase: 'bootstrap'
==> cmake: Executing phase: 'build'
==> cmake: Executing phase: 'install'
==> cmake: Successfully installed cmake-3.30.5-ledkoujpqytljlsjhagufjuxejnar5jx
  Stage: 0.91s.  Bootstrap: 1m 57.88s.  Build: 1m 32.21s.  Install: 28.02s.  Post-install: 12.83s.  Total: 4m 12.73s
[+] /global/scratch/users/siennaw/gsi_2024/compiling/spack/opt/spack/linux-rocky8-skylake_avx512/gcc-8.5.0/cmake-3.30.5-ledkoujpqytljlsjhagufjuxejnar5jx
==> Installing bufr-12.1.0-cjatmsvx6jsgm4uyv7hvyjauwrxuc3lf [10/10]
==> No binary for bufr-12.1.0-cjatmsvx6jsgm4uyv7hvyjauwrxuc3lf found: installing from source
==> Fetching https://mirror.spack.io/_source-cache/archive/b5/b5eae61b50d4132b2933b6e6dfc607e5392727cdc4f46ec7a94a19109d91dcf3.tar.gz
==> Ran patch() for bufr
==> bufr: Executing phase: 'cmake'
==> bufr: Executing phase: 'build'
==> bufr: Executing phase: 'install'
==> bufr: Successfully installed bufr-12.1.0-cjatmsvx6jsgm4uyv7hvyjauwrxuc3lf
  Stage: 0.70s.  Cmake: 2.22s.  Build: 2.70s.  Install: 4.72s.  Post-install: 1.09s.  Total: 12.26s
[+] /global/scratch/users/siennaw/gsi_2024/compiling/spack/opt/spack/linux-rocky8-skylake_avx512/gcc-8.5.0/bufr-12.1.0-cjatmsvx6jsgm4uyv7hvyjauwrxuc3lf
[+] /usr (external glibc-2.28-v7imuygrfeuhdllpp75qh2aos2ifus33)
[+] /global/scratch/users/siennaw/gsi_2024/compiling/spack/opt/spack/linux-rocky8-skylake_avx512/gcc-8.5.0/gcc-runtime-8.5.0-c5hfwurreco4ioilaawgx2nqxfvrp46a
[+] /global/scratch/users/siennaw/gsi_2024/compiling/spack/opt/spack/linux-rocky8-skylake_avx512/gcc-8.5.0/zlib-ng-2.2.1-pwjnmmmvg3qz6x5q7y3ypzpmpdgrnalw
[+] /global/scratch/users/siennaw/gsi_2024/compiling/spack/opt/spack/linux-rocky8-skylake_avx512/gcc-8.5.0/ncurses-6.5-j6icgvynrzpjm5ittb3z4vmwz7sek3du
[+] /global/scratch/users/siennaw/gsi_2024/compiling/spack/opt/spack/linux-rocky8-skylake_avx512/gcc-8.5.0/nghttp2-1.63.0-m2obhvkny6xclqpm2teotoonzj5jdnh7
[+] /global/scratch/users/siennaw/gsi_2024/compiling/spack/opt/spack/linux-rocky8-skylake_avx512/gcc-8.5.0/gmake-4.4.1-be474evtfsfe3h32is465ak5jripk2ur
[+] /global/scratch/users/siennaw/gsi_2024/compiling/spack/opt/spack/linux-rocky8-skylake_avx512/gcc-8.5.0/openssl-3.3.1-ylnnfugxmaa4lubsnb23cf5rfkpgu4gm
[+] /global/scratch/users/siennaw/gsi_2024/compiling/spack/opt/spack/linux-rocky8-skylake_avx512/gcc-8.5.0/curl-8.10.1-iokkolnbx6wwr455z3l2x5exd2di4vbi
[+] /global/scratch/users/siennaw/gsi_2024/compiling/spack/opt/spack/linux-rocky8-skylake_avx512/gcc-8.5.0/cmake-3.30.5-ledkoujpqytljlsjhagufjuxejnar5jx
==> Installing sp-2.3.3-7hmwcigsd23a55s6c2vlew2oq4g63dap [10/11]
==> No binary for sp-2.3.3-7hmwcigsd23a55s6c2vlew2oq4g63dap found: installing from source
==> Fetching https://mirror.spack.io/_source-cache/archive/c0/c0d465209e599de3c0193e65671e290e9f422f659f1da928505489a3edeab99f.tar.gz
==> No patches needed for sp
==> sp: Executing phase: 'cmake'
==> sp: Executing phase: 'build'
==> sp: Executing phase: 'install'
==> sp: Successfully installed sp-2.3.3-7hmwcigsd23a55s6c2vlew2oq4g63dap
  Stage: 0.21s.  Cmake: 0.63s.  Build: 2.65s.  Install: 0.33s.  Post-install: 0.39s.  Total: 4.90s
[+] /global/scratch/users/siennaw/gsi_2024/compiling/spack/opt/spack/linux-rocky8-skylake_avx512/gcc-8.5.0/sp-2.3.3-7hmwcigsd23a55s6c2vlew2oq4g63dap
==> Installing ip-3.3.3-4j7autbkxrtb2mjbqum2bpbcedmmscli [11/11]
==> No binary for ip-3.3.3-4j7autbkxrtb2mjbqum2bpbcedmmscli found: installing from source
==> Fetching https://mirror.spack.io/_source-cache/archive/d5/d5a569ca7c8225a3ade64ef5cd68f3319bcd11f6f86eb3dba901d93842eb3633.tar.gz
==> No patches needed for ip
==> ip: Executing phase: 'cmake'
==> ip: Executing phase: 'build'
==> ip: Executing phase: 'install'
==> ip: Successfully installed ip-3.3.3-4j7autbkxrtb2mjbqum2bpbcedmmscli
  Stage: 2.24s.  Cmake: 1.37s.  Build: 1.98s.  Install: 0.47s.  Post-install: 0.51s.  Total: 7.39s
[+] /global/scratch/users/siennaw/gsi_2024/compiling/spack/opt/spack/linux-rocky8-skylake_avx512/gcc-8.5.0/ip-3.3.3-4j7autbkxrtb2mjbqum2bpbcedmmscli
[+] /usr (external glibc-2.28-v7imuygrfeuhdllpp75qh2aos2ifus33)
[+] /global/scratch/users/siennaw/gsi_2024/compiling/spack/opt/spack/linux-rocky8-skylake_avx512/gcc-8.5.0/gcc-runtime-8.5.0-c5hfwurreco4ioilaawgx2nqxfvrp46a
[+] /global/scratch/users/siennaw/gsi_2024/compiling/spack/opt/spack/linux-rocky8-skylake_avx512/gcc-8.5.0/sp-2.3.3-7hmwcigsd23a55s6c2vlew2oq4g63dap
[+] /usr (external glibc-2.28-v7imuygrfeuhdllpp75qh2aos2ifus33)
[+] /global/scratch/users/siennaw/gsi_2024/compiling/spack/opt/spack/linux-rocky8-skylake_avx512/gcc-8.5.0/gcc-runtime-8.5.0-c5hfwurreco4ioilaawgx2nqxfvrp46a
[+] /global/scratch/users/siennaw/gsi_2024/compiling/spack/opt/spack/linux-rocky8-skylake_avx512/gcc-8.5.0/ncurses-6.5-j6icgvynrzpjm5ittb3z4vmwz7sek3du
[+] /global/scratch/users/siennaw/gsi_2024/compiling/spack/opt/spack/linux-rocky8-skylake_avx512/gcc-8.5.0/nghttp2-1.63.0-m2obhvkny6xclqpm2teotoonzj5jdnh7
[+] /global/scratch/users/siennaw/gsi_2024/compiling/spack/opt/spack/linux-rocky8-skylake_avx512/gcc-8.5.0/gmake-4.4.1-be474evtfsfe3h32is465ak5jripk2ur
[+] /global/scratch/users/siennaw/gsi_2024/compiling/spack/opt/spack/linux-rocky8-skylake_avx512/gcc-8.5.0/zlib-ng-2.2.1-pwjnmmmvg3qz6x5q7y3ypzpmpdgrnalw
[+] /global/scratch/users/siennaw/gsi_2024/compiling/spack/opt/spack/linux-rocky8-skylake_avx512/gcc-8.5.0/openssl-3.3.1-ylnnfugxmaa4lubsnb23cf5rfkpgu4gm
[+] /global/scratch/users/siennaw/gsi_2024/compiling/spack/opt/spack/linux-rocky8-skylake_avx512/gcc-8.5.0/curl-8.10.1-iokkolnbx6wwr455z3l2x5exd2di4vbi
[+] /global/scratch/users/siennaw/gsi_2024/compiling/spack/opt/spack/linux-rocky8-skylake_avx512/gcc-8.5.0/cmake-3.30.5-ledkoujpqytljlsjhagufjuxejnar5jx
==> Installing bacio-2.6.0-xpdgi2dhsgofyznu45yzdvgn3xbe6ghf [10/10]
==> No binary for bacio-2.6.0-xpdgi2dhsgofyznu45yzdvgn3xbe6ghf found: installing from source
==> Fetching https://mirror.spack.io/_source-cache/archive/03/03fef581e1bd3710fb8d2f2659a6c3e01a0437c1350ba53958d2ff1ffef47bcb.tar.gz
==> Ran patch() for bacio
==> bacio: Executing phase: 'cmake'
==> bacio: Executing phase: 'build'
==> bacio: Executing phase: 'install'
==> bacio: Successfully installed bacio-2.6.0-xpdgi2dhsgofyznu45yzdvgn3xbe6ghf
  Stage: 0.25s.  Cmake: 1.10s.  Build: 0.82s.  Install: 0.36s.  Post-install: 0.39s.  Total: 3.65s
[+] /global/scratch/users/siennaw/gsi_2024/compiling/spack/opt/spack/linux-rocky8-skylake_avx512/gcc-8.5.0/bacio-2.6.0-xpdgi2dhsgofyznu45yzdvgn3xbe6ghf
[+] /usr (external glibc-2.28-v7imuygrfeuhdllpp75qh2aos2ifus33)
[+] /global/scratch/users/siennaw/gsi_2024/compiling/spack/opt/spack/linux-rocky8-skylake_avx512/gcc-8.5.0/gcc-runtime-8.5.0-c5hfwurreco4ioilaawgx2nqxfvrp46a
[+] /global/scratch/users/siennaw/gsi_2024/compiling/spack/opt/spack/linux-rocky8-skylake_avx512/gcc-8.5.0/bacio-2.6.0-xpdgi2dhsgofyznu45yzdvgn3xbe6ghf
[+] /global/scratch/users/siennaw/gsi_2024/compiling/spack/opt/spack/linux-rocky8-skylake_avx512/gcc-8.5.0/zlib-ng-2.2.1-pwjnmmmvg3qz6x5q7y3ypzpmpdgrnalw
[+] /global/scratch/users/siennaw/gsi_2024/compiling/spack/opt/spack/linux-rocky8-skylake_avx512/gcc-8.5.0/gmake-4.4.1-be474evtfsfe3h32is465ak5jripk2ur
[+] /global/scratch/users/siennaw/gsi_2024/compiling/spack/opt/spack/linux-rocky8-skylake_avx512/gcc-8.5.0/ncurses-6.5-j6icgvynrzpjm5ittb3z4vmwz7sek3du
[+] /global/scratch/users/siennaw/gsi_2024/compiling/spack/opt/spack/linux-rocky8-skylake_avx512/gcc-8.5.0/nghttp2-1.63.0-m2obhvkny6xclqpm2teotoonzj5jdnh7
[+] /global/scratch/users/siennaw/gsi_2024/compiling/spack/opt/spack/linux-rocky8-skylake_avx512/gcc-8.5.0/openssl-3.3.1-ylnnfugxmaa4lubsnb23cf5rfkpgu4gm
[+] /global/scratch/users/siennaw/gsi_2024/compiling/spack/opt/spack/linux-rocky8-skylake_avx512/gcc-8.5.0/curl-8.10.1-iokkolnbx6wwr455z3l2x5exd2di4vbi
[+] /global/scratch/users/siennaw/gsi_2024/compiling/spack/opt/spack/linux-rocky8-skylake_avx512/gcc-8.5.0/cmake-3.30.5-ledkoujpqytljlsjhagufjuxejnar5jx
==> Installing w3emc-2.12.0-6dcpxrk3nrotg555ejsknakiwc6a7g2b [11/11]
==> No binary for w3emc-2.12.0-6dcpxrk3nrotg555ejsknakiwc6a7g2b found: installing from source
==> Fetching https://mirror.spack.io/_source-cache/archive/77/77c0732541ade1deb381f5a208547ccc36e65efa91c8f7021b299b20a6ae0d27.tar.gz
==> No patches needed for w3emc
==> w3emc: Executing phase: 'cmake'
==> w3emc: Executing phase: 'build'
==> w3emc: Executing phase: 'install'
==> w3emc: Successfully installed w3emc-2.12.0-6dcpxrk3nrotg555ejsknakiwc6a7g2b
  Stage: 0.48s.  Cmake: 1.21s.  Build: 3.33s.  Install: 0.51s.  Post-install: 0.43s.  Total: 6.73s
[+] /global/scratch/users/siennaw/gsi_2024/compiling/spack/opt/spack/linux-rocky8-skylake_avx512/gcc-8.5.0/w3emc-2.12.0-6dcpxrk3nrotg555ejsknakiwc6a7g2b
[+] /usr (external glibc-2.28-v7imuygrfeuhdllpp75qh2aos2ifus33)
[+] /global/scratch/users/siennaw/gsi_2024/compiling/spack/opt/spack/linux-rocky8-skylake_avx512/gcc-8.5.0/gcc-runtime-8.5.0-c5hfwurreco4ioilaawgx2nqxfvrp46a
[+] /global/scratch/users/siennaw/gsi_2024/compiling/spack/opt/spack/linux-rocky8-skylake_avx512/gcc-8.5.0/ncurses-6.5-j6icgvynrzpjm5ittb3z4vmwz7sek3du
[+] /global/scratch/users/siennaw/gsi_2024/compiling/spack/opt/spack/linux-rocky8-skylake_avx512/gcc-8.5.0/zlib-ng-2.2.1-pwjnmmmvg3qz6x5q7y3ypzpmpdgrnalw
[+] /global/scratch/users/siennaw/gsi_2024/compiling/spack/opt/spack/linux-rocky8-skylake_avx512/gcc-8.5.0/gmake-4.4.1-be474evtfsfe3h32is465ak5jripk2ur
[+] /global/scratch/users/siennaw/gsi_2024/compiling/spack/opt/spack/linux-rocky8-skylake_avx512/gcc-8.5.0/nghttp2-1.63.0-m2obhvkny6xclqpm2teotoonzj5jdnh7
[+] /global/scratch/users/siennaw/gsi_2024/compiling/spack/opt/spack/linux-rocky8-skylake_avx512/gcc-8.5.0/openssl-3.3.1-ylnnfugxmaa4lubsnb23cf5rfkpgu4gm
[+] /global/scratch/users/siennaw/gsi_2024/compiling/spack/opt/spack/linux-rocky8-skylake_avx512/gcc-8.5.0/curl-8.10.1-iokkolnbx6wwr455z3l2x5exd2di4vbi
[+] /global/scratch/users/siennaw/gsi_2024/compiling/spack/opt/spack/linux-rocky8-skylake_avx512/gcc-8.5.0/cmake-3.30.5-ledkoujpqytljlsjhagufjuxejnar5jx
==> Installing sigio-2.3.3-d2wyjwd4aqnaeo7hynwq7fbk5p7mfzoh [10/10]
==> No binary for sigio-2.3.3-d2wyjwd4aqnaeo7hynwq7fbk5p7mfzoh found: installing from source
==> Fetching https://mirror.spack.io/_source-cache/archive/2b/2b4a04be3be10f222d0ff47f973f65a03b8b5521dcad8e8866f3bfe4e8dfafab.tar.gz
==> No patches needed for sigio
==> sigio: Executing phase: 'cmake'
==> sigio: Executing phase: 'build'
==> sigio: Executing phase: 'install'
==> sigio: Successfully installed sigio-2.3.3-d2wyjwd4aqnaeo7hynwq7fbk5p7mfzoh
  Stage: 0.23s.  Cmake: 0.66s.  Build: 4.08s.  Install: 0.32s.  Post-install: 0.35s.  Total: 6.33s
[+] /global/scratch/users/siennaw/gsi_2024/compiling/spack/opt/spack/linux-rocky8-skylake_avx512/gcc-8.5.0/sigio-2.3.3-d2wyjwd4aqnaeo7hynwq7fbk5p7mfzoh
[+] /usr (external glibc-2.28-v7imuygrfeuhdllpp75qh2aos2ifus33)
[+] /global/scratch/users/siennaw/gsi_2024/compiling/spack/opt/spack/linux-rocky8-skylake_avx512/gcc-8.5.0/gcc-runtime-8.5.0-c5hfwurreco4ioilaawgx2nqxfvrp46a
[+] /global/scratch/users/siennaw/gsi_2024/compiling/spack/opt/spack/linux-rocky8-skylake_avx512/gcc-8.5.0/nghttp2-1.63.0-m2obhvkny6xclqpm2teotoonzj5jdnh7
[+] /global/scratch/users/siennaw/gsi_2024/compiling/spack/opt/spack/linux-rocky8-skylake_avx512/gcc-8.5.0/gmake-4.4.1-be474evtfsfe3h32is465ak5jripk2ur
[+] /global/scratch/users/siennaw/gsi_2024/compiling/spack/opt/spack/linux-rocky8-skylake_avx512/gcc-8.5.0/ncurses-6.5-j6icgvynrzpjm5ittb3z4vmwz7sek3du
[+] /global/scratch/users/siennaw/gsi_2024/compiling/spack/opt/spack/linux-rocky8-skylake_avx512/gcc-8.5.0/zlib-ng-2.2.1-pwjnmmmvg3qz6x5q7y3ypzpmpdgrnalw
[+] /global/scratch/users/siennaw/gsi_2024/compiling/spack/opt/spack/linux-rocky8-skylake_avx512/gcc-8.5.0/openssl-3.3.1-ylnnfugxmaa4lubsnb23cf5rfkpgu4gm
[+] /global/scratch/users/siennaw/gsi_2024/compiling/spack/opt/spack/linux-rocky8-skylake_avx512/gcc-8.5.0/curl-8.10.1-iokkolnbx6wwr455z3l2x5exd2di4vbi
[+] /global/scratch/users/siennaw/gsi_2024/compiling/spack/opt/spack/linux-rocky8-skylake_avx512/gcc-8.5.0/cmake-3.30.5-ledkoujpqytljlsjhagufjuxejnar5jx
==> Installing sfcio-1.4.2-nhxkezexzmpmnrvqo2n7rxhappgv33zr [10/10]
==> No binary for sfcio-1.4.2-nhxkezexzmpmnrvqo2n7rxhappgv33zr found: installing from source
==> Fetching https://mirror.spack.io/_source-cache/archive/bf/bfde52320b836886a766ff8d0d6707b8a533c903b947f8b49250c544aaccaaac.tar.gz
==> No patches needed for sfcio
==> sfcio: Executing phase: 'cmake'
==> sfcio: Executing phase: 'build'
==> sfcio: Executing phase: 'install'
==> sfcio: Successfully installed sfcio-1.4.2-nhxkezexzmpmnrvqo2n7rxhappgv33zr
  Stage: 0.27s.  Cmake: 0.57s.  Build: 5.99s.  Install: 0.21s.  Post-install: 0.37s.  Total: 8.12s
[+] /global/scratch/users/siennaw/gsi_2024/compiling/spack/opt/spack/linux-rocky8-skylake_avx512/gcc-8.5.0/sfcio-1.4.2-nhxkezexzmpmnrvqo2n7rxhappgv33zr
[+] /usr (external glibc-2.28-v7imuygrfeuhdllpp75qh2aos2ifus33)
[+] /global/scratch/users/siennaw/gsi_2024/compiling/spack/opt/spack/linux-rocky8-skylake_avx512/gcc-8.5.0/gcc-runtime-8.5.0-c5hfwurreco4ioilaawgx2nqxfvrp46a
[+] /global/scratch/users/siennaw/gsi_2024/compiling/spack/opt/spack/linux-rocky8-skylake_avx512/gcc-8.5.0/libiconv-1.17-crf53zsbocyefp5zk3kxyilro5d5nn2g
[+] /global/scratch/users/siennaw/gsi_2024/compiling/spack/opt/spack/linux-rocky8-skylake_avx512/gcc-8.5.0/bzip2-1.0.8-4md543k2yqwwc3qxzwdxvecdhuo5rami
[+] /global/scratch/users/siennaw/gsi_2024/compiling/spack/opt/spack/linux-rocky8-skylake_avx512/gcc-8.5.0/nghttp2-1.63.0-m2obhvkny6xclqpm2teotoonzj5jdnh7
[+] /global/scratch/users/siennaw/gsi_2024/compiling/spack/opt/spack/linux-rocky8-skylake_avx512/gcc-8.5.0/ncurses-6.5-j6icgvynrzpjm5ittb3z4vmwz7sek3du
[+] /global/scratch/users/siennaw/gsi_2024/compiling/spack/opt/spack/linux-rocky8-skylake_avx512/gcc-8.5.0/pkgconf-2.2.0-is42zt3mb2squ2v3kbkwurgmaabl4y5h
[+] /global/scratch/users/siennaw/gsi_2024/compiling/spack/opt/spack/linux-rocky8-skylake_avx512/gcc-8.5.0/zlib-ng-2.2.1-pwjnmmmvg3qz6x5q7y3ypzpmpdgrnalw
[+] /global/scratch/users/siennaw/gsi_2024/compiling/spack/opt/spack/linux-rocky8-skylake_avx512/gcc-8.5.0/gmake-4.4.1-be474evtfsfe3h32is465ak5jripk2ur
==> Installing libedit-3.1-20240808-2bx3jofhvixtr4loov2z37nvsl6oisfz [10/44]
==> No binary for libedit-3.1-20240808-2bx3jofhvixtr4loov2z37nvsl6oisfz found: installing from source
==> Fetching https://mirror.spack.io/_source-cache/archive/5f/5f0573349d77c4a48967191cdd6634dd7aa5f6398c6a57fe037cc02696d6099f.tar.gz
==> No patches needed for libedit
==> libedit: Executing phase: 'autoreconf'
==> libedit: Executing phase: 'configure'
==> libedit: Executing phase: 'build'
==> libedit: Executing phase: 'install'
==> libedit: Successfully installed libedit-3.1-20240808-2bx3jofhvixtr4loov2z37nvsl6oisfz
  Stage: 0.13s.  Autoreconf: 0.00s.  Configure: 13.83s.  Build: 2.69s.  Install: 0.63s.  Post-install: 0.23s.  Total: 17.89s
[+] /global/scratch/users/siennaw/gsi_2024/compiling/spack/opt/spack/linux-rocky8-skylake_avx512/gcc-8.5.0/libedit-3.1-20240808-2bx3jofhvixtr4loov2z37nvsl6oisfz
==> Installing findutils-4.9.0-56gpm2ycg4ch46uqhx2euf6bsu57cisk [11/44]
==> No binary for findutils-4.9.0-56gpm2ycg4ch46uqhx2euf6bsu57cisk found: installing from source
==> Fetching https://mirror.spack.io/_source-cache/archive/a2/a2bfb8c09d436770edc59f50fa483e785b161a3b7b9d547573cb08065fd462fe.tar.xz
==> Applied patch /global/scratch/users/siennaw/gsi_2024/compiling/spack/var/spack/repos/builtin/packages/findutils/nonnull.patch
==> findutils: Executing phase: 'autoreconf'
==> findutils: Executing phase: 'configure'
==> findutils: Executing phase: 'build'
==> findutils: Executing phase: 'install'
==> findutils: Successfully installed findutils-4.9.0-56gpm2ycg4ch46uqhx2euf6bsu57cisk
  Stage: 0.35s.  Autoreconf: 0.00s.  Configure: 1m 21.94s.  Build: 6.02s.  Install: 2.74s.  Post-install: 0.72s.  Total: 1m 32.00s
[+] /global/scratch/users/siennaw/gsi_2024/compiling/spack/opt/spack/linux-rocky8-skylake_avx512/gcc-8.5.0/findutils-4.9.0-56gpm2ycg4ch46uqhx2euf6bsu57cisk
==> Installing zstd-1.5.6-5nkx2hlo7uctx6sahkr4cjugoezvjjdk [12/44]
==> No binary for zstd-1.5.6-5nkx2hlo7uctx6sahkr4cjugoezvjjdk found: installing from source
==> Fetching https://mirror.spack.io/_source-cache/archive/30/30f35f71c1203369dc979ecde0400ffea93c27391bfd2ac5a9715d2173d92ff7.tar.gz
==> No patches needed for zstd
==> zstd: Executing phase: 'edit'
==> zstd: Executing phase: 'build'
==> zstd: Executing phase: 'install'
==> zstd: Successfully installed zstd-1.5.6-5nkx2hlo7uctx6sahkr4cjugoezvjjdk
  Stage: 0.20s.  Edit: 0.00s.  Build: 0.00s.  Install: 14.18s.  Post-install: 0.19s.  Total: 14.75s
[+] /global/scratch/users/siennaw/gsi_2024/compiling/spack/opt/spack/linux-rocky8-skylake_avx512/gcc-8.5.0/zstd-1.5.6-5nkx2hlo7uctx6sahkr4cjugoezvjjdk
==> Installing xz-5.4.6-lqd4hjfcnj2ry4ukahtm5j6erxuh75y4 [13/44]
==> No binary for xz-5.4.6-lqd4hjfcnj2ry4ukahtm5j6erxuh75y4 found: installing from source
==> Fetching https://mirror.spack.io/_source-cache/archive/91/913851b274e8e1d31781ec949f1c23e8dbcf0ecf6e73a2436dc21769dd3e6f49.tar.bz2
==> No patches needed for xz
==> xz: Executing phase: 'autoreconf'
==> xz: Executing phase: 'configure'
==> xz: Executing phase: 'build'
==> xz: Executing phase: 'install'
==> xz: Successfully installed xz-5.4.6-lqd4hjfcnj2ry4ukahtm5j6erxuh75y4
  Stage: 0.52s.  Autoreconf: 0.00s.  Configure: 20.15s.  Build: 5.22s.  Install: 4.81s.  Post-install: 0.95s.  Total: 31.90s
[+] /global/scratch/users/siennaw/gsi_2024/compiling/spack/opt/spack/linux-rocky8-skylake_avx512/gcc-8.5.0/xz-5.4.6-lqd4hjfcnj2ry4ukahtm5j6erxuh75y4
[+] /global/scratch/users/siennaw/gsi_2024/compiling/spack/opt/spack/linux-rocky8-skylake_avx512/gcc-8.5.0/bacio-2.6.0-xpdgi2dhsgofyznu45yzdvgn3xbe6ghf
==> Installing util-macros-1.20.1-qdoldql3uwlbidmo53jzbho2np2a3ywn [15/44]
==> No binary for util-macros-1.20.1-qdoldql3uwlbidmo53jzbho2np2a3ywn found: installing from source
==> Fetching https://mirror.spack.io/_source-cache/archive/0b/0b308f62dce78ac0f4d9de6888234bf170f276b64ac7c96e99779bb4319bcef5.tar.xz
==> No patches needed for util-macros
==> util-macros: Executing phase: 'autoreconf'
==> util-macros: Executing phase: 'configure'
==> util-macros: Executing phase: 'build'
==> util-macros: Executing phase: 'install'
==> util-macros: Successfully installed util-macros-1.20.1-qdoldql3uwlbidmo53jzbho2np2a3ywn
  Stage: 0.12s.  Autoreconf: 0.00s.  Configure: 1.67s.  Build: 0.01s.  Install: 0.06s.  Post-install: 0.13s.  Total: 2.21s
[+] /global/scratch/users/siennaw/gsi_2024/compiling/spack/opt/spack/linux-rocky8-skylake_avx512/gcc-8.5.0/util-macros-1.20.1-qdoldql3uwlbidmo53jzbho2np2a3ywn
[+] /global/scratch/users/siennaw/gsi_2024/compiling/spack/opt/spack/linux-rocky8-skylake_avx512/gcc-8.5.0/readline-8.2-zzghstsekzr4vphevnutsxvnzx4z3emy
[+] /global/scratch/users/siennaw/gsi_2024/compiling/spack/opt/spack/linux-rocky8-skylake_avx512/gcc-8.5.0/openssl-3.3.1-ylnnfugxmaa4lubsnb23cf5rfkpgu4gm
[+] /global/scratch/users/siennaw/gsi_2024/compiling/spack/opt/spack/linux-rocky8-skylake_avx512/gcc-8.5.0/diffutils-3.10-ghhu22po5nkzgjzzmca5kkfqk5p2ebs2
==> Installing libsigsegv-2.14-65ssgh6j3m54zc4bmwihtbcr5ovojuto [19/44]
==> No binary for libsigsegv-2.14-65ssgh6j3m54zc4bmwihtbcr5ovojuto found: installing from source
==> Fetching https://mirror.spack.io/_source-cache/archive/cd/cdac3941803364cf81a908499beb79c200ead60b6b5b40cad124fd1e06caa295.tar.gz
==> No patches needed for libsigsegv
==> libsigsegv: Executing phase: 'autoreconf'
==> libsigsegv: Executing phase: 'configure'
==> libsigsegv: Executing phase: 'build'
==> libsigsegv: Executing phase: 'install'
==> libsigsegv: Successfully installed libsigsegv-2.14-65ssgh6j3m54zc4bmwihtbcr5ovojuto
  Stage: 0.38s.  Autoreconf: 0.00s.  Configure: 10.91s.  Build: 1.16s.  Install: 0.42s.  Post-install: 0.17s.  Total: 13.28s
[+] /global/scratch/users/siennaw/gsi_2024/compiling/spack/opt/spack/linux-rocky8-skylake_avx512/gcc-8.5.0/libsigsegv-2.14-65ssgh6j3m54zc4bmwihtbcr5ovojuto
==> Installing pigz-2.8-qmkkwnrkgnnbfxkugz3otj4sdyd5ru23 [20/44]
==> No binary for pigz-2.8-qmkkwnrkgnnbfxkugz3otj4sdyd5ru23 found: installing from source
==> Fetching https://mirror.spack.io/_source-cache/archive/2f/2f7f6a6986996d21cb8658535fff95f1c7107ddce22b5324f4b41890e2904706.tar.gz
==> No patches needed for pigz
==> pigz: Executing phase: 'edit'
==> pigz: Executing phase: 'build'
==> pigz: Executing phase: 'install'
==> pigz: Successfully installed pigz-2.8-qmkkwnrkgnnbfxkugz3otj4sdyd5ru23
  Stage: 0.12s.  Edit: 0.00s.  Build: 1.35s.  Install: 0.05s.  Post-install: 0.12s.  Total: 1.85s
[+] /global/scratch/users/siennaw/gsi_2024/compiling/spack/opt/spack/linux-rocky8-skylake_avx512/gcc-8.5.0/pigz-2.8-qmkkwnrkgnnbfxkugz3otj4sdyd5ru23
[+] /global/scratch/users/siennaw/gsi_2024/compiling/spack/opt/spack/linux-rocky8-skylake_avx512/gcc-8.5.0/berkeley-db-18.1.40-7x6vvk42qsiieky4jhoumipidwyflbil
==> Installing libxml2-2.10.3-zbo2n34meeuopnbqdmq4dd4vg3iej5h7 [22/44]
==> No binary for libxml2-2.10.3-zbo2n34meeuopnbqdmq4dd4vg3iej5h7 found: installing from source
==> Fetching https://mirror.spack.io/_source-cache/archive/5d/5d2cc3d78bec3dbe212a9d7fa629ada25a7da928af432c93060ff5c17ee28a9c.tar.xz
==> Fetching https://mirror.spack.io/_source-cache/archive/96/96151685cec997e1f9f3387e3626d61e6284d4d6e66e0e440c209286c03e9cc7.tar.gz
==> Moving resource stage
	source: /tmp/siennaw/spack-stage/resource-xmlts-zbo2n34meeuopnbqdmq4dd4vg3iej5h7/spack-src/
	destination: /tmp/siennaw/spack-stage/spack-stage-libxml2-2.10.3-zbo2n34meeuopnbqdmq4dd4vg3iej5h7/spack-src/xmlconf
==> Ran patch() for libxml2
==> libxml2: Executing phase: 'autoreconf'
==> libxml2: Executing phase: 'configure'
==> libxml2: Executing phase: 'build'
==> libxml2: Executing phase: 'install'
==> libxml2: Successfully installed libxml2-2.10.3-zbo2n34meeuopnbqdmq4dd4vg3iej5h7
  Stage: 0.93s.  Autoreconf: 0.00s.  Configure: 13.85s.  Build: 6.22s.  Install: 1.49s.  Post-install: 0.83s.  Total: 23.71s
[+] /global/scratch/users/siennaw/gsi_2024/compiling/spack/opt/spack/linux-rocky8-skylake_avx512/gcc-8.5.0/libxml2-2.10.3-zbo2n34meeuopnbqdmq4dd4vg3iej5h7
[+] /global/scratch/users/siennaw/gsi_2024/compiling/spack/opt/spack/linux-rocky8-skylake_avx512/gcc-8.5.0/w3emc-2.12.0-6dcpxrk3nrotg555ejsknakiwc6a7g2b
==> Installing libpciaccess-0.17-g6kjzdvpig5ujhgj4m5xf7ux52mqwodh [24/44]
==> No binary for libpciaccess-0.17-g6kjzdvpig5ujhgj4m5xf7ux52mqwodh found: installing from source
==> Fetching https://mirror.spack.io/_source-cache/archive/bf/bf6985a77d2ecb00e2c79da3edfb26b909178ffca3f2e9d14ed0620259ab733b.tar.gz
==> No patches needed for libpciaccess
==> libpciaccess: Executing phase: 'autoreconf'
==> libpciaccess: Executing phase: 'configure'
==> libpciaccess: Executing phase: 'build'
==> libpciaccess: Executing phase: 'install'
==> libpciaccess: Successfully installed libpciaccess-0.17-g6kjzdvpig5ujhgj4m5xf7ux52mqwodh
  Stage: 0.21s.  Autoreconf: 0.00s.  Configure: 10.93s.  Build: 1.42s.  Install: 0.55s.  Post-install: 0.17s.  Total: 13.56s
[+] /global/scratch/users/siennaw/gsi_2024/compiling/spack/opt/spack/linux-rocky8-skylake_avx512/gcc-8.5.0/libpciaccess-0.17-g6kjzdvpig5ujhgj4m5xf7ux52mqwodh
[+] /global/scratch/users/siennaw/gsi_2024/compiling/spack/opt/spack/linux-rocky8-skylake_avx512/gcc-8.5.0/gdbm-1.23-rhxmsm2yftcmxncnqn7pllv5rx7o5qu5
[+] /global/scratch/users/siennaw/gsi_2024/compiling/spack/opt/spack/linux-rocky8-skylake_avx512/gcc-8.5.0/curl-8.10.1-iokkolnbx6wwr455z3l2x5exd2di4vbi
==> Installing libevent-2.1.12-jbdnwzpxq6wns76givzaqvupq37wluiy [27/44]
==> No binary for libevent-2.1.12-jbdnwzpxq6wns76givzaqvupq37wluiy found: installing from source
==> Fetching https://mirror.spack.io/_source-cache/archive/92/92e6de1be9ec176428fd2367677e61ceffc2ee1cb119035037a27d346b0403bb.tar.gz
==> Ran patch() for libevent
==> libevent: Executing phase: 'autoreconf'
==> libevent: Executing phase: 'configure'
==> libevent: Executing phase: 'build'
==> libevent: Executing phase: 'install'
==> libevent: Successfully installed libevent-2.1.12-jbdnwzpxq6wns76givzaqvupq37wluiy
  Stage: 0.17s.  Autoreconf: 0.00s.  Configure: 28.41s.  Build: 4.36s.  Install: 1.28s.  Post-install: 0.47s.  Total: 35.31s
[+] /global/scratch/users/siennaw/gsi_2024/compiling/spack/opt/spack/linux-rocky8-skylake_avx512/gcc-8.5.0/libevent-2.1.12-jbdnwzpxq6wns76givzaqvupq37wluiy
==> Installing m4-1.4.19-oncjrhiru5rmlnp3zwthwu5ml56ndbar [28/44]
==> No binary for m4-1.4.19-oncjrhiru5rmlnp3zwthwu5ml56ndbar found: installing from source
==> Fetching https://mirror.spack.io/_source-cache/archive/3b/3be4a26d825ffdfda52a56fc43246456989a3630093cced3fbddf4771ee58a70.tar.gz
==> Applied patch /global/scratch/users/siennaw/gsi_2024/compiling/spack/var/spack/repos/builtin/packages/m4/checks-198.sysval.1.patch
==> Applied patch /global/scratch/users/siennaw/gsi_2024/compiling/spack/var/spack/repos/builtin/packages/m4/checks-198.sysval.2.patch
==> Ran patch() for m4
==> m4: Executing phase: 'autoreconf'
==> m4: Executing phase: 'configure'
==> m4: Executing phase: 'build'
==> m4: Executing phase: 'install'
==> m4: Successfully installed m4-1.4.19-oncjrhiru5rmlnp3zwthwu5ml56ndbar
  Stage: 0.34s.  Autoreconf: 0.00s.  Configure: 1m 7.20s.  Build: 5.00s.  Install: 1.72s.  Post-install: 0.59s.  Total: 1m 15.25s
[+] /global/scratch/users/siennaw/gsi_2024/compiling/spack/opt/spack/linux-rocky8-skylake_avx512/gcc-8.5.0/m4-1.4.19-oncjrhiru5rmlnp3zwthwu5ml56ndbar
==> Installing tar-1.34-ihr7yzaer42yq2bukflf5zkki2q6v2lz [29/44]
==> No binary for tar-1.34-ihr7yzaer42yq2bukflf5zkki2q6v2lz found: installing from source
==> Fetching https://mirror.spack.io/_source-cache/archive/03/03d908cf5768cfe6b7ad588c921c6ed21acabfb2b79b788d1330453507647aed.tar.gz
==> No patches needed for tar
==> tar: Executing phase: 'autoreconf'
==> tar: Executing phase: 'configure'
==> tar: Executing phase: 'build'
==> tar: Executing phase: 'install'
==> tar: Successfully installed tar-1.34-ihr7yzaer42yq2bukflf5zkki2q6v2lz
  Stage: 0.32s.  Autoreconf: 0.00s.  Configure: 1m 4.63s.  Build: 5.12s.  Install: 1.74s.  Post-install: 0.71s.  Total: 1m 13.01s
[+] /global/scratch/users/siennaw/gsi_2024/compiling/spack/opt/spack/linux-rocky8-skylake_avx512/gcc-8.5.0/tar-1.34-ihr7yzaer42yq2bukflf5zkki2q6v2lz
==> Installing hwloc-2.11.1-2m2nrncqd6s7fdyswvgbyagpwf7bdggt [30/44]
==> No binary for hwloc-2.11.1-2m2nrncqd6s7fdyswvgbyagpwf7bdggt found: installing from source
==> Fetching https://mirror.spack.io/_source-cache/archive/9f/9f320925cfd0daeaf3a3d724c93e127ecac63750c623654dca0298504aac4c2c.tar.gz
==> No patches needed for hwloc
==> hwloc: Executing phase: 'autoreconf'
==> hwloc: Executing phase: 'configure'
==> hwloc: Executing phase: 'build'
==> hwloc: Executing phase: 'install'
==> hwloc: Successfully installed hwloc-2.11.1-2m2nrncqd6s7fdyswvgbyagpwf7bdggt
  Stage: 0.36s.  Autoreconf: 0.00s.  Configure: 34.60s.  Build: 7.44s.  Install: 2.65s.  Post-install: 2.10s.  Total: 47.63s
[+] /global/scratch/users/siennaw/gsi_2024/compiling/spack/opt/spack/linux-rocky8-skylake_avx512/gcc-8.5.0/hwloc-2.11.1-2m2nrncqd6s7fdyswvgbyagpwf7bdggt
[+] /global/scratch/users/siennaw/gsi_2024/compiling/spack/opt/spack/linux-rocky8-skylake_avx512/gcc-8.5.0/perl-5.40.0-kc4ephysgtrjggqxtk35eaczpaawfbj5
[+] /global/scratch/users/siennaw/gsi_2024/compiling/spack/opt/spack/linux-rocky8-skylake_avx512/gcc-8.5.0/cmake-3.30.5-ledkoujpqytljlsjhagufjuxejnar5jx
==> Installing libtool-2.4.7-p6gp3mjpyhaggn7sit2nu53onsyrsnem [33/44]
==> No binary for libtool-2.4.7-p6gp3mjpyhaggn7sit2nu53onsyrsnem found: installing from source
==> Fetching https://mirror.spack.io/_source-cache/archive/04/04e96c2404ea70c590c546eba4202a4e12722c640016c12b9b2f1ce3d481e9a8.tar.gz
==> Ran patch() for libtool
==> libtool: Executing phase: 'autoreconf'
==> libtool: Executing phase: 'configure'
==> libtool: Executing phase: 'build'
==> libtool: Executing phase: 'install'
==> libtool: Successfully installed libtool-2.4.7-p6gp3mjpyhaggn7sit2nu53onsyrsnem
  Stage: 0.33s.  Autoreconf: 0.00s.  Configure: 16.95s.  Build: 2.10s.  Install: 1.87s.  Post-install: 0.47s.  Total: 22.14s
[+] /global/scratch/users/siennaw/gsi_2024/compiling/spack/opt/spack/linux-rocky8-skylake_avx512/gcc-8.5.0/libtool-2.4.7-p6gp3mjpyhaggn7sit2nu53onsyrsnem
==> Installing bison-3.8.2-pcja3dqhiqlf752j65uchzhh23auzh7q [34/44]
==> No binary for bison-3.8.2-pcja3dqhiqlf752j65uchzhh23auzh7q found: installing from source
==> Fetching https://mirror.spack.io/_source-cache/archive/06/06c9e13bdf7eb24d4ceb6b59205a4f67c2c7e7213119644430fe82fbd14a0abb.tar.gz
==> No patches needed for bison
==> bison: Executing phase: 'autoreconf'
==> bison: Executing phase: 'configure'
==> bison: Executing phase: 'build'
==> bison: Executing phase: 'install'
==> bison: Successfully installed bison-3.8.2-pcja3dqhiqlf752j65uchzhh23auzh7q
  Stage: 0.43s.  Autoreconf: 0.00s.  Configure: 55.62s.  Build: 3.00s.  Install: 3.65s.  Post-install: 1.41s.  Total: 1m 4.55s
[+] /global/scratch/users/siennaw/gsi_2024/compiling/spack/opt/spack/linux-rocky8-skylake_avx512/gcc-8.5.0/bison-3.8.2-pcja3dqhiqlf752j65uchzhh23auzh7q
==> Installing gettext-0.22.5-bvg6mhxdf5vej6y6lemwison2jc2xubx [35/44]
==> No binary for gettext-0.22.5-bvg6mhxdf5vej6y6lemwison2jc2xubx found: installing from source
==> Fetching https://mirror.spack.io/_source-cache/archive/fe/fe10c37353213d78a5b83d48af231e005c4da84db5ce88037d88355938259640.tar.xz
==> Ran patch() for gettext
==> gettext: Executing phase: 'autoreconf'
==> gettext: Executing phase: 'configure'
==> gettext: Executing phase: 'build'
