-- The C compiler identification is GNU 8.5.0
-- The Fortran compiler identification is GNU 8.5.0
-- Detecting C compiler ABI info
-- Detecting C compiler ABI info - done
-- Check for working C compiler: /global/home/users/tinakc/spack/opt/spack/linux-rocky8-ivybridge/gcc-8.5.0/openmpi-5.0.5-mkcpdqaa4l7rjn6wewbfvs6qrnpbvl26/bin/mpicc - skipped
-- Detecting C compile features
-- Detecting C compile features - done
-- Detecting Fortran compiler ABI info
-- Detecting Fortran compiler ABI info - done
-- Check for working Fortran compiler: /global/home/users/tinakc/spack/opt/spack/linux-rocky8-ivybridge/gcc-8.5.0/openmpi-5.0.5-mkcpdqaa4l7rjn6wewbfvs6qrnpbvl26/bin/mpifort - skipped
-- Setting build type to 'Release' as none was specified.
-- OPENMP ................. OFF
-- ENABLE_MKL ............. ON
-- BUILD_GSDCLOUD ......... OFF
-- BUILD_MGBF ............. ON
-- BUILD_GSI .............. ON
-- BUILD_ENKF ............. ON
-- BUILD_REG_TESTING ...... OFF
-- Building MGBF library
-- Building GSI
-- GSI: OPENMP ................. OFF
-- GSI: ENABLE_MKL ............. ON
-- GSI: USE_GSDCLOUD ........... OFF
-- GSI: USE_MGBF ............... ON
-- GSI: GSI_MODE ............... Regional
-- Could NOT find MKL (missing: MKL_LIBRARIES MKL_INCLUDE_DIRS) 
-- Looking for Fortran sgemm
-- Looking for Fortran sgemm - not found
-- Performing Test CMAKE_HAVE_LIBC_PTHREAD
-- Performing Test CMAKE_HAVE_LIBC_PTHREAD - Success
-- Found Threads: TRUE  
-- Looking for Fortran sgemm
-- Looking for Fortran sgemm - found
-- Found BLAS: /global/home/users/tinakc/spack/opt/spack/linux-rocky8-ivybridge/gcc-8.5.0/openblas-0.3.27-ofiukddklhl4v4btr4bszp4f66pzir23/lib/libopenblas.so  
-- Looking for Fortran cheev
-- Looking for Fortran cheev - found
-- Found LAPACK: /global/home/users/tinakc/spack/opt/spack/linux-rocky8-ivybridge/gcc-8.5.0/openblas-0.3.27-ofiukddklhl4v4btr4bszp4f66pzir23/lib/libopenblas.so;-lm;-ldl  
-- Found MPI_C: /global/home/users/tinakc/spack/opt/spack/linux-rocky8-ivybridge/gcc-8.5.0/openmpi-5.0.5-mkcpdqaa4l7rjn6wewbfvs6qrnpbvl26/bin/mpicc (found version "3.1") 
-- Found MPI_Fortran: /global/home/users/tinakc/spack/opt/spack/linux-rocky8-ivybridge/gcc-8.5.0/openmpi-5.0.5-mkcpdqaa4l7rjn6wewbfvs6qrnpbvl26/bin/mpifort (found version "3.1") 
-- Found MPI: TRUE (found version "3.1")  
-- Found NetCDF: /global/home/users/tinakc/spack/opt/spack/linux-rocky8-ivybridge/gcc-8.5.0/netcdf-c-4.9.2-zct7powkq2vpoq2xs3nnyblrxhe3rees/include;/global/home/users/tinakc/spack/opt/spack/linux-rocky8-ivybridge/gcc-8.5.0/netcdf-fortran-4.6.1-wjtadavgyca65sqrwvprreuehw635mw2/include (found version "4.9.2") found components: Fortran 
-- FindNetCDF defines targets:
--   - NetCDF_VERSION [4.9.2]
--   - NetCDF_PARALLEL [TRUE]
--   - NetCDF_C_CONFIG_EXECUTABLE [/global/home/users/tinakc/spack/opt/spack/linux-rocky8-ivybridge/gcc-8.5.0/netcdf-c-4.9.2-zct7powkq2vpoq2xs3nnyblrxhe3rees/bin/nc-config]
--   - NetCDF::NetCDF_C [SHARED] [Root: /global/home/users/tinakc/spack/opt/spack/linux-rocky8-ivybridge/gcc-8.5.0/netcdf-c-4.9.2-zct7powkq2vpoq2xs3nnyblrxhe3rees] Lib: /global/home/users/tinakc/spack/opt/spack/linux-rocky8-ivybridge/gcc-8.5.0/netcdf-c-4.9.2-zct7powkq2vpoq2xs3nnyblrxhe3rees/lib/libnetcdf.so 
--   - NetCDF_Fortran_CONFIG_EXECUTABLE [/global/home/users/tinakc/spack/opt/spack/linux-rocky8-ivybridge/gcc-8.5.0/netcdf-fortran-4.6.1-wjtadavgyca65sqrwvprreuehw635mw2/bin/nf-config]
--   - NetCDF::NetCDF_Fortran [SHARED] [Root: /global/home/users/tinakc/spack/opt/spack/linux-rocky8-ivybridge/gcc-8.5.0/netcdf-fortran-4.6.1-wjtadavgyca65sqrwvprreuehw635mw2] Lib: /global/home/users/tinakc/spack/opt/spack/linux-rocky8-ivybridge/gcc-8.5.0/netcdf-fortran-4.6.1-wjtadavgyca65sqrwvprreuehw635mw2/lib/libnetcdff.so 
-- Found bacio: /global/home/users/tinakc/spack/opt/spack/linux-rocky8-ivybridge/gcc-8.5.0/bacio-2.6.0-rdcxuv5mcwj4hlonzmcgiygzlkad227d/lib64/libbacio.a (found version "2.6.0")
-- Found sigio: /global/home/users/tinakc/spack/opt/spack/linux-rocky8-ivybridge/gcc-8.5.0/sigio-2.3.3-cogi5iesfgtvjalunlsmzuz7wy5juljz/lib64/libsigio.a (found version "2.3.3")
-- Found sfcio: /global/home/users/tinakc/spack/opt/spack/linux-rocky8-ivybridge/gcc-8.5.0/sfcio-1.4.2-weuvzdxgvvtx7lzbpdwpqpai3xpx6vfe/lib64/libsfcio.a (found version "1.4.2")
-- Found bacio: /global/home/users/tinakc/spack/opt/spack/linux-rocky8-ivybridge/gcc-8.5.0/bacio-2.6.0-rdcxuv5mcwj4hlonzmcgiygzlkad227d/lib64/libbacio.a (found version "2.6.0")
-- Found bacio: /global/home/users/tinakc/spack/opt/spack/linux-rocky8-ivybridge/gcc-8.5.0/bacio-2.6.0-rdcxuv5mcwj4hlonzmcgiygzlkad227d/lib64/libbacio.a (found version "2.6.0")
-- Found w3emc: /global/home/users/tinakc/spack/opt/spack/linux-rocky8-ivybridge/gcc-8.5.0/w3emc-2.12.0-ae2gy7g4f4fnyui5hzictcfi6sdyctmq/lib64/libw3emc_4.a (found version "2.12.0")
-- Found MPI: TRUE (found version "3.1") found components: Fortran 
-- Found nemsio: /global/home/users/tinakc/spack/opt/spack/linux-rocky8-ivybridge/gcc-8.5.0/nemsio-2.5.4-yz7epxd454pr7twhhps3cmzjii2npnta/lib64/libnemsio.a (found version "2.5.4")
-- Found MPI: TRUE (found version "3.1")  
-- Found ncio: /global/home/users/tinakc/spack/opt/spack/linux-rocky8-ivybridge/gcc-8.5.0/ncio-1.1.2-asd55djefywgupn4vbj3gaddtrg3gof4/lib64/libncio.a (found version "1.1.2")
-- Found ncdiag: /global/home/users/tinakc/spack/opt/spack/linux-rocky8-ivybridge/gcc-8.5.0/gsi-ncdiag-1.1.2-qcgnqzoypt3xhanh34liak22vqvrmuns/lib64/libncdiag.a (found version "1.1.2")
-- Found sp: /global/home/users/tinakc/spack/opt/spack/linux-rocky8-ivybridge/gcc-8.5.0/sp-2.3.3-niivg2ubaa6mpteouodypsowmmzkttaw/lib/libsp_4.a (found version "2.3.3")
-- Found OpenMP_Fortran: -fopenmp (found version "4.5") 
-- Found OpenMP: TRUE (found version "4.5") found components: Fortran 
-- Found ip: /global/home/users/tinakc/spack/opt/spack/linux-rocky8-ivybridge/gcc-8.5.0/ip-3.3.3-zqcosc4kucplgd7c2lqhyq3pkbtkttzl/lib/libip_4.a (found version "3.3.3")
-- Found w3emc: /global/home/users/tinakc/spack/opt/spack/linux-rocky8-ivybridge/gcc-8.5.0/w3emc-2.12.0-ae2gy7g4f4fnyui5hzictcfi6sdyctmq/lib64/libw3emc_4.a (found version "2.12.0")
-- Found bufr: /global/home/users/tinakc/spack/opt/spack/linux-rocky8-ivybridge/gcc-8.5.0/bufr-12.1.0-rcu6bnnuahaorpkgghrea42ryug26f3f/lib64/libbufr_4.so (found version "12.1.0")
-- Found crtm: /global/home/users/tinakc/spack/opt/spack/linux-rocky8-ivybridge/gcc-8.5.0/crtm-2.4.0.1-qchy5hoo76rn3nryphfs4qycwr2vg2i6/lib/libcrtm.a (found version "2.4.0")
-- Found wrf_io: /global/home/users/tinakc/spack/opt/spack/linux-rocky8-ivybridge/gcc-8.5.0/wrf-io-1.2.0-24jyykfwrucmf4zjeipzl65ib4j4zuay/lib/libwrf_io.a (found version "1.2.0")
-- Building EnKF
-- EnKF: OPENMP ................. OFF
-- EnKF: ENABLE_MKL ............. OFF
-- EnKF: ENKF_MODE .............. GFS
-- Found NetCDF: /global/home/users/tinakc/spack/opt/spack/linux-rocky8-ivybridge/gcc-8.5.0/netcdf-c-4.9.2-zct7powkq2vpoq2xs3nnyblrxhe3rees/include;/global/home/users/tinakc/spack/opt/spack/linux-rocky8-ivybridge/gcc-8.5.0/netcdf-fortran-4.6.1-wjtadavgyca65sqrwvprreuehw635mw2/include (found version "4.9.2") found components: Fortran 
-- FindNetCDF defines targets:
--   - NetCDF_VERSION [4.9.2]
--   - NetCDF_PARALLEL [TRUE]
--   - NetCDF_C_CONFIG_EXECUTABLE [/global/home/users/tinakc/spack/opt/spack/linux-rocky8-ivybridge/gcc-8.5.0/netcdf-c-4.9.2-zct7powkq2vpoq2xs3nnyblrxhe3rees/bin/nc-config]
--   - NetCDF::NetCDF_C [SHARED] [Root: /global/home/users/tinakc/spack/opt/spack/linux-rocky8-ivybridge/gcc-8.5.0/netcdf-c-4.9.2-zct7powkq2vpoq2xs3nnyblrxhe3rees] Lib: /global/home/users/tinakc/spack/opt/spack/linux-rocky8-ivybridge/gcc-8.5.0/netcdf-c-4.9.2-zct7powkq2vpoq2xs3nnyblrxhe3rees/lib/libnetcdf.so 
--   - NetCDF_Fortran_CONFIG_EXECUTABLE [/global/home/users/tinakc/spack/opt/spack/linux-rocky8-ivybridge/gcc-8.5.0/netcdf-fortran-4.6.1-wjtadavgyca65sqrwvprreuehw635mw2/bin/nf-config]
--   - NetCDF::NetCDF_Fortran [SHARED] [Root: /global/home/users/tinakc/spack/opt/spack/linux-rocky8-ivybridge/gcc-8.5.0/netcdf-fortran-4.6.1-wjtadavgyca65sqrwvprreuehw635mw2] Lib: /global/home/users/tinakc/spack/opt/spack/linux-rocky8-ivybridge/gcc-8.5.0/netcdf-fortran-4.6.1-wjtadavgyca65sqrwvprreuehw635mw2/lib/libnetcdff.so 
-- Found bacio: /global/home/users/tinakc/spack/opt/spack/linux-rocky8-ivybridge/gcc-8.5.0/bacio-2.6.0-rdcxuv5mcwj4hlonzmcgiygzlkad227d/lib64/libbacio.a (found version "2.6.0")
-- Found sigio: /global/home/users/tinakc/spack/opt/spack/linux-rocky8-ivybridge/gcc-8.5.0/sigio-2.3.3-cogi5iesfgtvjalunlsmzuz7wy5juljz/lib64/libsigio.a (found version "2.3.3")
-- Found sfcio: /global/home/users/tinakc/spack/opt/spack/linux-rocky8-ivybridge/gcc-8.5.0/sfcio-1.4.2-weuvzdxgvvtx7lzbpdwpqpai3xpx6vfe/lib64/libsfcio.a (found version "1.4.2")
-- Found bacio: /global/home/users/tinakc/spack/opt/spack/linux-rocky8-ivybridge/gcc-8.5.0/bacio-2.6.0-rdcxuv5mcwj4hlonzmcgiygzlkad227d/lib64/libbacio.a (found version "2.6.0")
-- Found bacio: /global/home/users/tinakc/spack/opt/spack/linux-rocky8-ivybridge/gcc-8.5.0/bacio-2.6.0-rdcxuv5mcwj4hlonzmcgiygzlkad227d/lib64/libbacio.a (found version "2.6.0")
-- Found w3emc: /global/home/users/tinakc/spack/opt/spack/linux-rocky8-ivybridge/gcc-8.5.0/w3emc-2.12.0-ae2gy7g4f4fnyui5hzictcfi6sdyctmq/lib64/libw3emc_4.a (found version "2.12.0")
-- Found MPI: TRUE (found version "3.1") found components: Fortran 
-- Found nemsio: /global/home/users/tinakc/spack/opt/spack/linux-rocky8-ivybridge/gcc-8.5.0/nemsio-2.5.4-yz7epxd454pr7twhhps3cmzjii2npnta/lib64/libnemsio.a (found version "2.5.4")
-- Found MPI: TRUE (found version "3.1")  
-- Found ncio: /global/home/users/tinakc/spack/opt/spack/linux-rocky8-ivybridge/gcc-8.5.0/ncio-1.1.2-asd55djefywgupn4vbj3gaddtrg3gof4/lib64/libncio.a (found version "1.1.2")
-- Found sp: /global/home/users/tinakc/spack/opt/spack/linux-rocky8-ivybridge/gcc-8.5.0/sp-2.3.3-niivg2ubaa6mpteouodypsowmmzkttaw/lib/libsp_4.a (found version "2.3.3")
-- Found w3emc: /global/home/users/tinakc/spack/opt/spack/linux-rocky8-ivybridge/gcc-8.5.0/w3emc-2.12.0-ae2gy7g4f4fnyui5hzictcfi6sdyctmq/lib64/libw3emc_4.a (found version "2.12.0")
-- Configuring done (10.3s)
-- Generating done (3.4s)
-- Build files have been written to: /global/home/users/tinakc/GSIall/build
